SF:lib/src/core/interceptor/interceptor_manager.dart
DA:24,2
DA:27,2
DA:28,2
DA:33,4
DA:36,1
DA:42,2
DA:43,2
DA:46,2
DA:47,3
DA:51,1
DA:53,2
DA:56,3
DA:60,2
DA:61,4
DA:65,2
DA:66,2
DA:67,2
DA:69,3
DA:74,1
DA:75,2
DA:77,1
DA:78,3
DA:85,1
DA:86,2
DA:88,1
DA:89,3
DA:96,1
DA:97,2
DA:98,2
DA:105,1
DA:107,2
DA:108,2
DA:109,2
DA:113,2
DA:114,2
DA:118,1
DA:119,2
DA:123,1
DA:124,3
DA:125,2
DA:126,1
DA:127,1
DA:131,0
DA:134,0
DA:138,0
DA:142,0
DA:145,0
DA:146,0
DA:148,0
DA:152,0
DA:153,0
DA:154,0
DA:156,0
DA:157,0
DA:161,0
DA:164,0
DA:166,0
DA:167,0
DA:168,0
DA:169,0
DA:170,0
DA:171,0
DA:172,0
DA:174,0
DA:175,0
DA:176,0
DA:177,0
DA:180,0
DA:182,0
DA:183,0
DA:184,0
DA:185,0
DA:186,0
DA:187,0
DA:189,0
DA:190,0
DA:192,0
DA:197,0
DA:198,0
DA:199,0
DA:200,0
DA:201,0
DA:202,0
DA:204,0
DA:205,0
DA:212,0
DA:215,0
DA:219,0
DA:223,0
DA:226,0
DA:227,0
DA:228,0
DA:232,0
DA:233,0
DA:234,0
DA:236,0
DA:237,0
DA:241,0
DA:244,0
DA:246,0
DA:247,0
DA:248,0
DA:249,0
DA:250,0
DA:251,0
DA:252,0
DA:254,0
DA:255,0
DA:256,0
DA:257,0
DA:260,0
DA:262,0
DA:263,0
DA:264,0
DA:265,0
DA:266,0
DA:267,0
DA:269,0
DA:270,0
DA:271,0
DA:272,0
DA:277,0
DA:278,0
DA:279,0
DA:280,0
DA:281,0
DA:282,0
DA:284,0
DA:285,0
DA:292,0
DA:295,0
DA:299,0
DA:303,0
DA:306,0
DA:307,0
DA:308,0
DA:312,0
DA:313,0
DA:314,0
DA:316,0
DA:317,0
DA:321,0
DA:324,0
DA:326,0
DA:327,0
DA:328,0
DA:329,0
DA:330,0
DA:331,0
DA:332,0
DA:334,0
DA:335,0
DA:336,0
DA:337,0
DA:340,0
DA:342,0
DA:343,0
DA:344,0
DA:345,0
DA:346,0
DA:347,0
DA:349,0
DA:350,0
DA:351,0
DA:352,0
DA:357,0
DA:358,0
DA:359,0
DA:360,0
DA:361,0
DA:362,0
DA:364,0
DA:365,0
DA:372,1
DA:374,2
DA:376,4
DA:377,2
DA:378,2
DA:381,2
DA:387,2
DA:388,3
DA:392,0
DA:393,0
DA:395,0
DA:396,0
DA:397,0
DA:399,0
DA:400,0
DA:401,0
DA:402,0
DA:403,0
DA:407,0
DA:409,0
DA:410,0
DA:415,1
DA:416,2
DA:417,2
DA:418,2
DA:419,2
DA:423,0
DA:433,0
DA:441,0
DA:444,0
DA:445,0
DA:450,0
DA:453,0
DA:455,0
DA:458,0
DA:459,0
DA:477,1
DA:482,1
DA:504,1
DA:525,1
DA:531,4
DA:532,1
DA:533,1
DA:534,1
DA:537,3
DA:538,2
DA:539,2
DA:542,2
DA:544,2
DA:549,1
DA:550,3
DA:554,0
DA:555,0
DA:557,0
DA:558,0
DA:559,0
DA:561,0
DA:563,0
DA:564,0
DA:565,0
DA:567,0
DA:575,1
DA:576,2
DA:580,0
DA:581,0
DA:582,0
DA:583,0
DA:596,0
DA:597,0
DA:598,0
DA:603,0
DA:604,0
DA:608,0
DA:609,0
DA:610,0
DA:611,0
DA:612,0
DA:613,0
DA:614,0
DA:622,1
DA:623,1
DA:627,1
DA:628,1
DA:632,1
DA:633,1
DA:637,1
DA:638,1
DA:642,1
DA:643,1
DA:651,0
DA:656,0
DA:658,0
DA:661,0
DA:663,0
DA:671,0
DA:676,0
DA:678,0
DA:681,0
DA:683,0
DA:691,0
DA:696,0
DA:698,0
DA:701,0
DA:703,0
DA:709,1
DA:712,1
DA:715,1
DA:718,0
DA:721,0
DA:724,0
DA:730,0
DA:734,0
DA:740,0
DA:747,1
DA:750,1
DA:753,1
DA:756,0
DA:759,0
DA:762,0
DA:768,0
DA:772,0
DA:778,0
DA:784,1
DA:787,1
DA:790,1
DA:793,0
DA:796,0
DA:799,0
DA:802,0
DA:807,0
DA:811,0
DA:816,0
DA:820,0
DA:825,0
DA:831,1
DA:834,0
DA:837,0
DA:840,0
DA:843,0
DA:846,0
DA:855,0
DA:861,0
DA:867,1
DA:870,0
DA:873,0
DA:876,0
DA:879,0
DA:882,0
DA:888,0
DA:892,0
DA:898,0
DA:900,0
DA:904,0
LF:326
LH:93
end_of_record
SF:lib/src/core/interceptor/header_interceptor.dart
DA:12,2
DA:13,2
DA:17,1
DA:18,1
DA:22,1
DA:23,1
DA:27,2
DA:30,2
DA:33,1
DA:34,2
DA:38,2
DA:39,4
DA:43,2
DA:44,4
DA:48,1
DA:49,1
DA:50,1
DA:53,0
DA:56,0
DA:59,0
DA:62,0
DA:65,0
DA:67,0
DA:71,0
DA:73,0
DA:74,0
DA:75,0
DA:77,0
DA:82,0
DA:83,0
DA:87,0
DA:88,0
DA:92,0
DA:93,0
DA:97,0
DA:98,0
DA:102,0
DA:106,0
DA:108,0
DA:109,0
DA:113,0
DA:114,0
DA:119,0
DA:120,0
DA:121,0
DA:122,0
DA:128,0
DA:129,0
DA:130,0
DA:135,2
DA:138,4
DA:139,4
DA:140,4
DA:143,6
DA:144,6
DA:147,2
DA:148,0
DA:149,2
DA:150,0
DA:151,2
DA:152,4
DA:153,0
DA:154,0
DA:155,0
DA:156,0
DA:166,0
DA:167,0
DA:172,0
DA:173,0
DA:174,0
DA:175,0
DA:177,0
DA:181,0
DA:182,0
DA:183,0
DA:184,0
DA:188,0
DA:191,3
LF:78
LH:28
end_of_record
SF:lib/src/core/interceptor/network_status_interceptor.dart
DA:31,3
DA:50,0
DA:54,0
DA:56,0
DA:62,0
DA:64,0
DA:66,0
DA:67,0
DA:68,0
DA:69,0
DA:77,0
DA:78,0
DA:79,0
DA:81,0
DA:82,0
DA:83,0
DA:86,0
DA:89,0
DA:91,0
DA:94,0
DA:96,0
DA:106,0
DA:108,0
DA:112,0
DA:114,0
DA:121,0
DA:122,0
DA:125,0
DA:127,0
DA:130,0
DA:131,0
DA:138,0
DA:143,0
DA:144,0
DA:145,0
DA:146,0
DA:147,0
DA:150,0
DA:153,0
DA:156,0
DA:160,0
DA:161,0
DA:162,0
DA:163,0
DA:164,0
DA:165,0
LF:46
LH:1
end_of_record
SF:lib/src/core/interceptor/execution_timeout_interceptor.dart
DA:29,3
DA:53,0
DA:54,0
DA:58,0
DA:70,0
DA:76,0
DA:77,0
DA:80,0
DA:81,0
DA:83,0
DA:84,0
DA:87,0
DA:88,0
DA:89,0
DA:90,0
DA:93,0
DA:94,0
DA:95,0
DA:98,0
DA:99,0
DA:101,0
DA:102,0
DA:103,0
DA:104,0
DA:111,0
DA:115,0
DA:117,0
DA:118,0
DA:119,0
DA:122,0
DA:123,0
DA:126,0
DA:131,0
DA:132,0
DA:133,0
DA:134,0
DA:138,0
DA:139,0
DA:144,0
DA:145,0
DA:147,0
DA:148,0
DA:150,0
DA:151,0
DA:154,0
DA:156,0
DA:159,0
DA:160,0
DA:163,0
DA:164,0
DA:169,0
DA:170,0
DA:172,0
DA:173,0
DA:175,0
DA:176,0
DA:178,0
DA:179,0
DA:180,0
DA:184,0
DA:185,0
DA:189,0
DA:190,0
DA:194,0
DA:196,0
DA:198,0
DA:203,0
DA:204,0
DA:205,0
DA:207,0
DA:211,0
DA:226,0
DA:227,0
DA:228,0
DA:232,0
DA:233,0
DA:234,0
DA:238,0
DA:239,0
DA:240,0
DA:243,0
DA:244,0
DA:245,0
DA:246,0
DA:247,0
DA:248,0
DA:249,0
DA:250,0
DA:251,0
DA:252,0
DA:253,0
DA:254,0
DA:263,0
DA:265,0
DA:266,0
DA:272,0
DA:275,0
DA:277,0
DA:282,0
DA:283,0
DA:284,0
DA:285,0
DA:286,0
DA:290,0
DA:295,0
DA:296,0
DA:297,0
DA:298,0
DA:299,0
DA:303,0
DA:308,0
DA:309,0
DA:310,0
DA:311,0
DA:312,0
DA:317,0
DA:324,0
DA:331,0
LF:118
LH:1
end_of_record
SF:lib/src/core/interceptor/http_status_interceptor.dart
DA:34,0
DA:66,3
DA:93,3
DA:144,0
DA:153,0
DA:154,0
DA:162,0
DA:163,0
DA:172,0
DA:173,0
DA:191,0
DA:192,0
DA:193,0
DA:195,0
DA:196,0
DA:198,0
DA:199,0
DA:200,0
DA:205,0
DA:208,0
DA:211,0
DA:215,0
DA:216,0
DA:217,0
DA:218,0
DA:226,0
DA:229,0
DA:230,0
DA:231,0
DA:232,0
DA:234,0
DA:235,0
DA:236,0
DA:237,0
DA:245,0
DA:246,0
DA:247,0
DA:248,0
DA:249,0
DA:250,0
DA:251,0
DA:255,0
DA:256,0
DA:257,0
DA:258,0
DA:259,0
DA:260,0
DA:261,0
DA:262,0
DA:263,0
DA:275,0
DA:278,0
DA:279,0
DA:284,0
DA:286,0
DA:287,0
DA:288,0
DA:294,0
DA:296,0
DA:297,0
DA:298,0
DA:299,0
DA:303,0
DA:306,0
DA:307,0
DA:312,0
DA:316,0
DA:317,0
DA:324,0
DA:325,0
DA:326,0
DA:330,0
DA:331,0
DA:342,0
DA:344,0
DA:346,0
DA:347,0
DA:353,0
DA:354,0
DA:355,0
DA:359,0
DA:362,0
DA:364,0
DA:366,0
DA:376,0
DA:379,0
DA:381,0
DA:385,0
DA:387,0
DA:388,0
DA:393,0
DA:396,0
DA:397,0
DA:398,0
DA:402,0
DA:403,0
DA:404,0
DA:407,0
DA:410,0
DA:415,0
DA:418,0
DA:420,0
DA:424,0
DA:426,0
DA:427,0
DA:432,0
DA:435,0
DA:436,0
DA:437,0
DA:441,0
DA:443,0
DA:445,0
DA:447,0
DA:452,0
DA:453,0
DA:457,0
DA:458,0
DA:463,0
DA:466,0
DA:468,0
DA:473,0
DA:475,0
DA:477,0
DA:481,0
DA:482,0
DA:483,0
DA:485,0
DA:486,0
DA:488,0
DA:489,0
DA:493,0
DA:498,0
DA:500,0
DA:501,0
DA:505,0
DA:506,0
DA:510,0
DA:512,0
DA:513,0
DA:515,0
DA:516,0
DA:518,0
DA:521,0
DA:525,0
DA:528,0
DA:529,0
DA:531,0
DA:533,0
DA:535,0
DA:537,0
DA:539,0
DA:542,0
DA:547,0
DA:548,0
DA:550,0
DA:555,0
DA:556,0
DA:559,0
DA:560,0
DA:564,0
DA:565,0
DA:572,0
DA:573,0
DA:574,0
DA:576,0
DA:578,0
DA:584,0
DA:588,0
DA:593,0
DA:596,0
DA:597,0
DA:598,0
DA:599,0
DA:600,0
DA:601,0
DA:602,0
DA:603,0
DA:604,0
DA:605,0
DA:606,0
DA:607,0
DA:608,0
DA:610,0
DA:611,0
DA:612,0
DA:616,0
DA:619,0
DA:625,0
DA:632,0
DA:633,0
DA:637,0
DA:640,0
DA:643,0
DA:644,0
DA:648,0
DA:649,0
DA:650,0
DA:651,0
DA:658,0
DA:661,0
DA:665,0
DA:668,0
DA:672,0
DA:676,0
DA:684,0
DA:686,0
DA:689,0
DA:691,0
DA:695,0
DA:699,0
DA:700,0
DA:704,0
DA:714,0
DA:716,0
DA:718,0
DA:728,0
DA:730,0
DA:732,0
DA:733,0
DA:734,0
DA:737,0
DA:738,0
DA:742,0
LF:223
LH:2
end_of_record
SF:lib/src/config/network_config.dart
DA:18,0
DA:19,0
DA:20,0
DA:21,0
DA:29,0
DA:31,0
DA:32,0
DA:33,0
DA:47,0
DA:48,0
DA:62,0
DA:63,0
DA:77,0
DA:78,0
DA:92,0
DA:93,0
DA:107,0
DA:108,0
DA:122,0
DA:123,0
DA:137,0
DA:138,0
DA:163,15
DA:164,15
DA:168,15
DA:172,18
DA:176,18
DA:180,18
DA:184,18
DA:191,24
DA:195,4
DA:199,4
DA:203,18
DA:207,0
DA:211,2
DA:215,2
DA:219,2
DA:223,0
DA:227,0
DA:231,0
DA:235,0
DA:238,15
DA:256,15
DA:257,12
DA:258,12
DA:259,12
DA:261,0
DA:263,6
DA:264,6
DA:265,7
DA:266,0
DA:267,7
DA:268,7
DA:269,0
DA:270,0
DA:271,0
DA:272,0
DA:273,5
DA:277,0
DA:278,0
DA:280,0
DA:283,0
DA:284,0
DA:285,0
DA:286,0
DA:287,0
DA:288,0
DA:289,0
DA:290,0
DA:291,0
DA:292,0
DA:293,0
DA:294,0
DA:295,0
DA:296,0
DA:300,0
DA:304,1
DA:305,1
DA:309,0
DA:310,0
DA:312,0
DA:314,0
DA:319,0
DA:320,0
DA:324,0
DA:325,0
DA:329,1
DA:334,1
DA:335,1
DA:336,1
DA:340,0
DA:344,0
DA:345,0
DA:349,0
DA:354,0
DA:355,0
DA:356,0
DA:360,0
DA:364,0
DA:365,0
DA:369,1
DA:370,2
DA:371,1
DA:373,2
DA:374,0
DA:376,2
DA:377,0
DA:379,2
DA:380,1
DA:382,0
DA:383,0
DA:385,0
DA:386,0
DA:388,0
DA:389,0
DA:394,0
DA:395,0
DA:399,0
DA:400,0
DA:404,1
DA:405,1
DA:406,0
DA:409,4
DA:413,1
DA:414,1
DA:415,1
DA:416,1
DA:417,1
DA:418,2
DA:422,1
DA:423,1
DA:424,1
DA:425,1
DA:426,1
DA:427,1
DA:428,1
DA:429,1
DA:430,1
DA:431,1
DA:432,1
DA:436,0
DA:437,0
DA:438,0
DA:439,0
DA:440,0
DA:441,0
DA:442,0
DA:443,0
DA:444,0
DA:445,0
DA:446,0
DA:447,0
DA:448,0
DA:449,0
DA:450,0
DA:451,0
DA:452,0
DA:453,0
DA:457,0
DA:459,0
DA:460,0
DA:461,0
DA:462,0
DA:463,0
DA:610,0
DA:611,0
DA:612,0
DA:613,0
DA:614,0
DA:615,0
DA:616,0
DA:617,0
DA:618,0
DA:619,0
DA:620,0
DA:621,0
DA:622,0
DA:623,0
DA:624,0
DA:625,0
DA:626,0
DA:627,0
DA:628,0
DA:629,0
DA:630,0
DA:631,0
DA:638,0
DA:639,0
DA:643,0
DA:644,0
DA:648,0
DA:653,0
DA:655,0
DA:661,0
DA:663,0
LF:195
LH:58
end_of_record
SF:lib/src/utils/network_logger.dart
DA:9,33
DA:13,11
DA:14,44
DA:23,15
DA:31,30
DA:34,11
DA:35,6
DA:36,6
DA:37,4
DA:39,8
DA:41,2
DA:42,0
DA:44,2
DA:45,0
DA:55,2
DA:58,18
DA:61,2
DA:64,2
DA:67,4
DA:70,12
DA:73,0
DA:75,0
LF:22
LH:18
end_of_record
SF:lib/src/utils/queue_monitor.dart
DA:20,1
DA:21,1
DA:25,1
DA:28,0
DA:31,0
DA:32,0
DA:34,0
DA:35,0
DA:36,0
DA:40,0
DA:45,0
DA:46,0
DA:48,0
DA:49,0
DA:52,0
DA:57,0
DA:58,0
DA:59,0
DA:60,0
DA:62,0
DA:64,0
DA:65,0
DA:66,0
DA:67,0
DA:71,0
DA:74,0
DA:75,0
DA:79,0
DA:81,0
DA:82,0
DA:83,0
DA:84,0
DA:85,0
DA:89,0
DA:91,0
DA:92,0
DA:97,0
DA:98,0
DA:100,0
DA:101,0
DA:102,0
DA:104,0
DA:108,0
DA:109,0
DA:111,0
DA:112,0
DA:113,0
DA:117,0
DA:119,0
DA:123,0
DA:124,0
DA:126,0
DA:127,0
DA:129,0
DA:133,0
DA:134,0
DA:137,0
DA:138,0
DA:141,0
DA:142,0
DA:147,0
DA:148,0
DA:151,0
DA:152,0
DA:157,0
DA:158,0
DA:161,0
DA:162,0
DA:170,0
DA:173,0
DA:175,0
DA:176,0
DA:177,0
DA:178,0
DA:182,0
DA:184,0
DA:190,0
DA:191,0
DA:193,0
DA:194,0
DA:198,0
DA:199,0
DA:201,0
DA:202,0
DA:204,0
DA:205,0
DA:206,0
DA:207,0
DA:208,0
DA:213,0
DA:214,0
DA:215,0
DA:216,0
DA:217,0
DA:218,0
DA:220,0
DA:225,0
DA:226,0
DA:227,0
DA:229,0
DA:230,0
DA:231,0
DA:232,0
DA:233,0
DA:234,0
DA:237,0
DA:241,0
DA:242,0
DA:244,0
DA:249,0
DA:257,0
DA:262,0
DA:263,0
DA:264,0
DA:265,0
DA:277,0
DA:285,0
DA:286,0
DA:287,0
DA:288,0
DA:289,0
DA:290,0
DA:303,0
DA:320,0
LF:124
LH:3
end_of_record
SF:lib/src/requests/network_executor.dart
DA:21,16
DA:23,7
DA:24,14
DA:27,7
DA:28,14
DA:31,7
DA:32,14
DA:35,7
DA:36,7
DA:37,21
DA:38,21
DA:39,21
DA:40,21
DA:42,21
DA:43,7
DA:44,7
DA:45,7
DA:72,8
DA:73,8
DA:77,8
DA:78,8
DA:82,8
DA:83,8
DA:85,24
DA:86,8
DA:87,16
DA:88,16
DA:89,16
DA:90,8
DA:94,8
DA:98,8
DA:99,8
DA:102,8
DA:103,32
DA:112,8
DA:113,8
DA:114,0
DA:119,8
DA:120,1
DA:122,1
DA:128,8
DA:129,24
DA:130,16
DA:135,0
DA:136,0
DA:144,16
DA:145,8
DA:148,0
DA:152,0
DA:153,0
DA:154,0
DA:157,0
DA:161,0
DA:162,0
DA:167,0
DA:168,0
DA:171,0
DA:174,0
DA:175,0
DA:176,0
DA:181,0
DA:182,0
DA:187,0
DA:188,0
DA:189,0
DA:190,0
DA:191,0
DA:192,0
DA:193,0
DA:194,0
DA:195,0
DA:200,0
DA:201,0
DA:203,0
DA:206,0
DA:207,0
DA:210,0
DA:211,0
DA:213,0
DA:215,0
DA:216,0
DA:217,0
DA:221,0
DA:222,0
DA:226,0
DA:227,0
DA:229,0
DA:231,0
DA:236,0
DA:239,0
DA:240,0
DA:242,0
DA:245,0
DA:246,0
DA:250,0
DA:251,0
DA:255,0
DA:256,0
DA:259,0
DA:261,0
DA:263,0
DA:265,0
DA:271,0
DA:275,0
DA:277,0
DA:284,0
DA:285,0
DA:290,0
DA:291,0
DA:292,0
DA:300,0
DA:301,0
DA:304,0
DA:305,0
DA:308,0
DA:313,0
DA:322,0
DA:323,0
DA:325,0
DA:327,0
DA:328,0
DA:330,0
DA:331,0
DA:332,0
DA:333,0
DA:337,0
DA:338,0
DA:340,0
DA:343,0
DA:345,0
DA:350,0
DA:352,0
DA:357,0
DA:360,0
DA:361,0
DA:362,0
DA:364,0
DA:365,0
DA:369,0
DA:370,0
DA:376,0
DA:377,0
DA:378,0
DA:382,0
DA:386,0
DA:388,0
DA:389,0
DA:390,0
DA:391,0
DA:400,8
DA:401,8
DA:402,32
DA:405,24
DA:408,8
DA:409,24
DA:410,16
DA:411,40
DA:417,16
DA:419,16
DA:420,32
DA:424,8
DA:425,16
DA:426,8
DA:427,16
DA:433,7
DA:434,28
DA:437,14
DA:438,14
DA:441,7
DA:442,14
DA:444,7
DA:446,7
DA:447,7
DA:448,14
DA:449,21
DA:452,7
DA:453,1
DA:457,7
DA:458,28
DA:460,7
DA:463,21
DA:464,14
DA:469,3
DA:473,24
DA:476,24
DA:477,2
DA:479,1
DA:481,0
DA:487,7
DA:488,1
DA:492,12
DA:493,6
DA:496,6
DA:499,18
DA:500,12
DA:510,0
DA:511,0
DA:514,0
DA:517,0
DA:518,0
DA:519,0
DA:520,0
DA:522,0
DA:530,0
DA:532,0
DA:535,0
DA:536,0
DA:537,0
DA:538,0
DA:540,0
DA:545,0
DA:549,0
DA:550,0
DA:555,1
DA:556,1
DA:558,3
DA:559,2
DA:563,1
DA:564,1
DA:570,0
DA:571,0
DA:572,0
DA:581,1
DA:582,2
DA:583,1
DA:585,3
DA:586,3
DA:589,2
DA:592,5
DA:594,0
DA:595,0
DA:596,0
DA:606,8
DA:607,9
DA:608,14
DA:609,8
DA:611,24
DA:615,7
DA:616,7
DA:617,7
DA:624,0
DA:626,0
DA:627,0
DA:632,0
DA:638,8
DA:641,8
DA:643,8
DA:645,2
DA:647,0
DA:655,0
DA:656,0
DA:660,0
DA:661,0
DA:665,0
DA:666,0
DA:670,0
DA:671,0
DA:674,0
DA:675,0
DA:676,0
DA:677,0
DA:678,0
DA:679,0
DA:683,0
DA:686,0
DA:687,0
DA:691,0
DA:692,0
DA:695,0
DA:696,0
DA:698,0
DA:701,0
DA:703,0
DA:704,0
DA:708,0
DA:709,0
DA:711,0
DA:712,0
DA:713,0
DA:714,0
DA:715,0
DA:716,0
DA:717,0
DA:725,1
DA:726,2
DA:729,2
DA:730,0
DA:734,2
DA:737,4
DA:740,1
DA:741,3
DA:743,1
DA:744,1
DA:748,0
DA:749,0
DA:752,0
DA:753,0
DA:755,0
DA:757,0
DA:761,3
DA:763,2
DA:770,0
DA:771,0
DA:772,0
DA:773,0
DA:776,0
DA:777,0
DA:780,0
DA:781,0
DA:782,0
DA:783,0
DA:787,0
DA:788,0
DA:789,0
DA:793,0
DA:794,0
DA:801,0
DA:804,0
DA:805,0
DA:806,0
DA:807,0
DA:808,0
DA:809,0
DA:810,0
DA:811,0
DA:812,0
DA:813,0
DA:815,0
DA:816,0
DA:817,0
DA:822,0
DA:825,0
DA:826,0
DA:829,0
DA:830,0
DA:835,0
DA:837,0
DA:839,0
DA:843,0
DA:844,0
DA:845,0
DA:849,0
DA:854,0
DA:858,0
DA:859,0
DA:864,0
DA:867,0
DA:868,0
DA:869,0
DA:870,0
DA:874,0
DA:875,0
DA:876,0
DA:877,0
DA:880,0
DA:881,0
DA:883,0
DA:886,0
LF:358
LH:125
end_of_record
SF:lib/src/core/cache/cache_manager.dart
DA:49,7
DA:50,14
DA:51,7
DA:55,7
DA:56,7
DA:61,4
DA:64,4
DA:67,7
DA:70,7
DA:73,7
DA:77,0
DA:83,7
DA:86,7
DA:87,28
DA:89,14
DA:90,0
DA:94,0
DA:95,0
DA:102,7
DA:103,7
DA:104,28
DA:105,0
DA:110,6
DA:115,18
DA:118,18
DA:119,12
DA:121,5
DA:122,15
DA:123,10
DA:127,10
DA:128,5
DA:129,0
DA:130,0
DA:133,0
DA:134,0
DA:135,0
DA:139,0
DA:143,15
DA:147,0
DA:148,0
DA:156,6
DA:166,10
DA:167,12
DA:169,6
DA:170,12
DA:171,12
DA:173,6
DA:178,6
DA:180,6
DA:187,18
DA:188,4
DA:189,2
DA:194,12
DA:195,6
DA:199,12
DA:200,6
DA:203,18
DA:206,0
DA:207,0
DA:214,6
DA:215,18
DA:217,36
DA:220,12
DA:222,6
DA:225,30
DA:227,0
DA:228,0
DA:230,0
DA:231,0
DA:233,0
DA:234,0
DA:235,0
DA:236,0
DA:240,0
DA:241,0
DA:242,0
DA:244,0
DA:245,0
DA:248,0
DA:250,0
DA:251,0
DA:252,0
DA:253,0
DA:256,0
DA:262,12
DA:267,6
DA:268,6
DA:270,12
DA:272,6
DA:273,12
DA:277,0
DA:282,6
DA:284,30
DA:286,12
DA:287,6
DA:290,6
DA:292,0
DA:295,0
DA:296,0
DA:303,6
DA:306,12
DA:307,12
DA:308,6
DA:309,6
DA:310,12
DA:311,12
DA:312,6
DA:316,6
DA:319,6
DA:321,1
DA:322,1
DA:325,0
DA:326,0
DA:329,0
DA:330,0
DA:331,0
DA:334,6
DA:338,12
DA:339,12
DA:351,0
DA:353,0
DA:354,0
DA:356,0
DA:357,0
DA:358,0
DA:359,0
DA:360,0
DA:361,0
DA:362,0
DA:363,0
DA:364,0
DA:365,0
DA:366,0
DA:370,0
DA:376,0
DA:377,0
DA:381,0
DA:383,0
DA:384,0
DA:385,0
DA:386,0
DA:387,0
DA:392,0
DA:393,0
DA:397,0
DA:398,0
DA:400,0
DA:401,0
DA:402,0
DA:404,0
DA:405,0
DA:406,0
DA:408,0
DA:409,0
DA:413,0
DA:420,0
DA:421,0
DA:429,0
DA:430,0
DA:431,0
DA:432,0
DA:435,0
DA:436,0
DA:437,0
DA:438,0
DA:441,0
DA:444,0
DA:445,0
DA:447,0
DA:448,0
DA:451,0
DA:453,0
DA:454,0
DA:455,0
DA:456,0
DA:459,0
DA:466,6
DA:467,18
DA:471,6
DA:473,6
DA:476,18
DA:477,30
DA:480,12
DA:484,6
DA:485,6
DA:486,6
DA:487,6
DA:488,6
DA:489,6
DA:490,6
DA:495,5
DA:499,5
DA:500,5
DA:501,5
DA:502,5
DA:503,5
DA:504,5
DA:509,0
DA:510,0
DA:511,0
DA:512,0
DA:513,0
DA:514,0
DA:516,0
DA:521,0
DA:522,0
DA:523,0
DA:524,0
DA:530,0
DA:531,0
DA:534,0
DA:549,1
DA:558,1
DA:560,1
DA:578,1
DA:582,1
DA:583,1
DA:587,1
DA:593,1
DA:597,1
DA:598,1
DA:602,1
DA:608,1
DA:612,1
DA:613,1
DA:617,1
DA:623,1
DA:627,1
DA:628,1
DA:632,1
DA:638,1
DA:642,1
DA:643,1
DA:647,1
DA:654,1
DA:664,1
DA:665,1
DA:669,1
DA:676,1
DA:686,1
DA:687,1
DA:699,1
DA:709,1
DA:714,1
DA:716,0
DA:720,1
DA:730,1
DA:734,1
DA:737,1
DA:740,0
DA:749,1
DA:750,1
DA:755,1
DA:756,3
DA:757,2
DA:761,1
DA:765,0
DA:766,0
DA:767,0
DA:774,1
DA:775,3
DA:776,2
DA:780,2
DA:781,1
DA:782,1
DA:783,1
DA:785,1
DA:786,1
DA:787,1
DA:788,1
DA:789,1
DA:790,1
DA:791,1
DA:794,3
DA:795,2
DA:799,2
DA:800,1
DA:811,0
DA:812,0
DA:813,0
DA:816,0
DA:819,0
DA:820,0
DA:821,0
DA:824,0
DA:830,1
DA:831,1
DA:832,2
DA:833,1
DA:837,0
DA:838,0
DA:839,0
DA:843,0
DA:844,0
DA:846,0
DA:850,0
DA:851,0
DA:852,0
DA:853,0
DA:854,0
DA:857,0
DA:858,0
DA:862,0
DA:863,0
DA:865,0
DA:870,0
DA:872,0
DA:873,0
DA:877,0
DA:880,0
DA:882,0
DA:883,0
DA:885,0
DA:890,0
DA:891,0
DA:894,0
DA:895,0
DA:896,0
DA:899,0
DA:902,0
DA:908,0
DA:914,6
DA:915,12
DA:916,30
DA:922,0
DA:923,0
DA:929,0
DA:930,0
DA:931,0
DA:932,0
DA:935,0
DA:936,0
DA:939,0
DA:940,0
DA:941,0
DA:942,0
DA:943,0
DA:947,0
DA:948,0
DA:951,0
DA:958,0
DA:959,0
DA:964,0
DA:965,0
DA:966,0
DA:969,0
DA:970,0
DA:973,0
DA:974,0
DA:975,0
DA:978,0
DA:979,0
DA:980,0
DA:981,0
DA:982,0
DA:985,0
DA:988,0
DA:997,5
DA:998,15
DA:1000,15
DA:1002,25
DA:1004,5
DA:1009,0
DA:1010,0
DA:1011,0
DA:1018,0
DA:1020,0
DA:1021,0
DA:1022,0
DA:1028,0
DA:1029,0
DA:1031,0
DA:1032,0
DA:1037,0
DA:1045,0
DA:1048,0
DA:1053,0
DA:1056,0
DA:1057,0
DA:1058,0
DA:1059,0
DA:1062,0
DA:1064,0
DA:1070,0
DA:1071,0
DA:1076,0
DA:1077,0
DA:1079,0
DA:1081,0
DA:1082,0
DA:1086,0
DA:1088,0
DA:1091,0
DA:1093,0
DA:1097,0
DA:1099,0
DA:1104,0
DA:1107,0
DA:1108,0
DA:1110,0
DA:1111,0
DA:1116,0
DA:1117,0
DA:1118,0
DA:1122,0
DA:1123,0
DA:1124,0
DA:1125,0
DA:1126,0
DA:1127,0
DA:1128,0
DA:1129,0
DA:1131,0
DA:1132,0
DA:1136,0
DA:1137,0
DA:1142,0
DA:1143,0
DA:1144,0
DA:1156,2
DA:1160,6
DA:1161,4
DA:1164,4
DA:1165,6
DA:1168,4
DA:1169,6
DA:1170,8
DA:1171,4
DA:1174,4
DA:1179,6
DA:1180,6
DA:1182,10
DA:1183,2
DA:1184,2
DA:1188,0
DA:1189,0
DA:1198,5
DA:1200,15
DA:1201,10
DA:1204,10
DA:1205,10
DA:1206,10
DA:1211,15
DA:1212,15
DA:1214,10
DA:1215,10
DA:1216,10
DA:1220,3
DA:1221,3
DA:1229,20
DA:1231,10
DA:1234,0
DA:1235,0
DA:1242,10
DA:1248,2
DA:1249,4
DA:1251,6
DA:1253,8
DA:1256,8
DA:1259,4
DA:1261,0
DA:1267,0
DA:1268,0
DA:1270,0
DA:1272,0
DA:1273,0
DA:1274,0
DA:1278,0
DA:1279,0
DA:1280,0
DA:1286,2
DA:1287,4
DA:1289,4
DA:1292,2
DA:1293,4
DA:1294,2
DA:1300,0
DA:1301,0
DA:1304,0
DA:1305,0
DA:1307,0
DA:1312,0
DA:1313,0
DA:1314,0
DA:1319,0
DA:1320,0
DA:1324,0
DA:1325,0
DA:1329,0
DA:1334,0
DA:1388,7
DA:1403,7
DA:1407,7
DA:1408,14
DA:1409,0
DA:1411,14
DA:1412,0
DA:1414,14
DA:1415,0
DA:1417,14
DA:1418,0
DA:1420,7
DA:1421,0
DA:1423,21
DA:1424,0
DA:1426,21
DA:1427,0
DA:1445,6
DA:1459,20
DA:1462,0
DA:1463,0
DA:1464,0
DA:1465,0
DA:1466,0
DA:1467,0
DA:1468,0
DA:1469,0
DA:1470,0
DA:1471,0
DA:1472,0
DA:1473,0
DA:1478,0
DA:1479,0
DA:1480,0
DA:1481,0
DA:1482,0
DA:1483,0
DA:1484,0
DA:1485,0
DA:1486,0
DA:1487,0
DA:1488,0
DA:1489,0
DA:1494,0
DA:1495,0
DA:1496,0
DA:1497,0
DA:1498,0
DA:1499,0
DA:1500,0
DA:1501,0
DA:1502,0
DA:1503,0
DA:1504,0
DA:1505,0
DA:1520,0
DA:1523,0
DA:1526,11
DA:1529,0
DA:1532,5
DA:1533,5
DA:1534,5
DA:1535,5
DA:1536,5
DA:1537,5
DA:1538,5
DA:1542,0
DA:1543,0
DA:1544,0
DA:1545,0
DA:1546,0
DA:1547,0
DA:1548,0
DA:1549,0
DA:1550,0
DA:1551,0
DA:1552,0
DA:1553,0
DA:1565,6
DA:1566,18
DA:1567,24
DA:1569,4
DA:1572,12
DA:1577,5
DA:1578,15
DA:1579,10
DA:1580,10
DA:1586,0
DA:1587,0
DA:1588,0
DA:1593,0
DA:1596,15
LF:582
LH:243
end_of_record
SF:lib/src/model/response_wrapper.dart
DA:10,6
DA:19,0
DA:23,0
DA:24,0
DA:25,0
DA:26,0
DA:27,0
DA:28,0
DA:29,0
DA:30,0
DA:35,0
DA:36,0
DA:37,0
DA:38,0
DA:39,0
DA:40,0
DA:41,0
DA:46,0
DA:47,0
DA:51,6
DA:56,6
DA:61,12
DA:66,0
DA:71,0
DA:76,0
DA:80,0
DA:82,0
LF:27
LH:4
end_of_record
SF:lib/src/core/network/network_adapter.dart
DA:43,1
DA:51,3
DA:52,3
DA:53,2
DA:54,3
DA:55,3
DA:72,1
DA:79,1
DA:81,4
DA:87,3
DA:88,2
DA:89,1
DA:91,2
DA:102,2
DA:105,0
DA:108,2
DA:111,1
DA:112,1
DA:113,2
DA:117,2
DA:121,2
DA:124,4
DA:127,2
DA:128,1
DA:131,1
DA:132,2
DA:134,0
DA:140,1
DA:141,2
DA:142,1
DA:143,2
DA:144,1
DA:145,2
DA:149,1
DA:150,1
DA:153,2
DA:154,0
DA:155,3
DA:156,2
DA:157,1
DA:160,2
DA:164,1
DA:167,2
DA:172,0
DA:173,0
DA:175,0
DA:181,1
DA:182,2
DA:183,2
DA:187,1
DA:192,0
DA:195,1
DA:200,0
DA:203,0
DA:207,1
DA:212,1
DA:213,1
DA:217,1
DA:218,1
DA:220,1
DA:221,2
DA:224,0
DA:233,1
DA:234,1
DA:236,1
DA:243,1
DA:244,3
DA:248,0
DA:250,0
DA:253,0
DA:257,0
DA:263,1
DA:266,1
DA:271,2
DA:272,1
DA:273,4
DA:274,0
DA:276,0
DA:277,0
DA:278,0
DA:279,0
DA:280,0
DA:281,0
DA:283,0
DA:288,0
DA:289,0
DA:291,0
DA:296,0
DA:297,0
DA:304,0
DA:305,0
DA:307,0
DA:309,0
DA:310,0
DA:316,1
DA:317,1
DA:319,4
DA:320,0
DA:321,0
DA:326,2
DA:327,0
DA:332,1
DA:333,1
DA:334,0
DA:335,0
DA:336,0
DA:337,0
DA:342,0
DA:348,0
DA:351,0
DA:354,0
DA:355,0
DA:357,0
DA:359,0
DA:362,0
DA:364,0
DA:367,0
DA:370,0
DA:371,0
DA:376,1
DA:381,3
DA:384,1
DA:385,1
DA:387,1
DA:388,0
DA:390,0
DA:392,0
DA:395,1
DA:397,2
DA:400,0
DA:403,1
DA:405,1
DA:407,0
DA:409,0
DA:415,0
DA:419,0
DA:420,0
DA:423,0
DA:426,0
DA:428,0
DA:433,0
DA:434,0
DA:437,0
DA:441,0
LF:144
LH:77
end_of_record
SF:lib/src/core/network/network_connectivity_monitor.dart
DA:40,1
DA:47,0
DA:49,0
DA:55,3
DA:56,0
DA:57,1
DA:59,2
DA:73,0
DA:76,0
DA:79,0
DA:82,2
DA:85,3
DA:88,1
DA:89,1
DA:90,0
DA:96,2
DA:97,0
DA:100,0
DA:101,0
DA:102,0
DA:104,0
DA:105,0
DA:106,0
DA:110,0
DA:111,0
DA:113,3
DA:114,2
DA:119,1
DA:120,1
DA:121,1
DA:122,2
DA:123,1
DA:124,2
DA:128,0
DA:130,0
DA:131,0
DA:132,0
DA:134,0
DA:140,3
DA:143,0
DA:146,0
DA:149,0
DA:150,0
DA:151,0
DA:154,0
DA:157,0
DA:158,0
DA:159,0
DA:162,0
DA:163,0
DA:164,0
DA:169,0
DA:170,0
DA:175,0
DA:179,0
DA:183,0
DA:187,0
DA:191,0
DA:195,0
DA:203,1
DA:204,1
DA:207,1
DA:211,2
DA:212,0
DA:217,1
DA:218,1
DA:222,1
DA:226,2
DA:227,0
DA:228,0
DA:229,0
DA:230,0
DA:231,0
DA:237,2
DA:238,1
DA:239,1
DA:240,1
DA:245,1
DA:249,0
DA:250,0
DA:251,0
DA:252,0
DA:253,0
DA:255,0
DA:261,0
DA:262,0
DA:263,0
DA:265,0
DA:267,0
DA:269,0
DA:271,0
DA:273,0
DA:275,0
LF:93
LH:31
end_of_record
SF:lib/src/core/exception/unified_exception_handler.dart
DA:13,8
DA:14,8
DA:18,8
DA:27,1
DA:28,2
DA:32,1
DA:33,2
DA:37,7
DA:38,7
DA:39,7
DA:40,7
DA:41,7
DA:42,14
DA:43,7
DA:47,8
DA:48,8
DA:50,8
DA:51,7
DA:52,5
DA:53,1
DA:54,5
DA:55,1
DA:56,5
DA:57,2
DA:59,5
DA:64,5
DA:68,5
DA:72,1
DA:74,3
DA:79,5
DA:82,6
DA:84,1
DA:86,3
DA:91,5
DA:97,7
DA:98,7
DA:99,7
DA:100,2
DA:103,2
DA:105,2
DA:108,7
DA:109,1
DA:112,1
DA:114,1
DA:117,7
DA:118,2
DA:121,2
DA:123,2
DA:126,7
DA:127,12
DA:128,6
DA:130,3
DA:131,1
DA:134,1
DA:136,1
DA:139,3
DA:140,2
DA:143,2
DA:145,2
DA:149,2
DA:152,2
DA:154,2
DA:160,6
DA:162,6
DA:163,1
DA:166,1
DA:171,6
DA:172,1
DA:175,1
DA:180,6
DA:181,1
DA:184,1
DA:189,6
DA:190,4
DA:193,4
DA:198,3
DA:199,0
DA:202,0
DA:207,3
DA:208,0
DA:211,0
DA:216,3
DA:217,3
DA:220,3
DA:225,2
DA:226,1
DA:229,1
DA:234,2
DA:235,2
DA:238,2
DA:243,0
DA:244,0
DA:247,0
DA:253,0
DA:254,0
DA:257,0
DA:261,0
DA:262,0
DA:265,0
DA:270,0
DA:273,0
DA:282,1
DA:283,1
DA:286,1
DA:288,1
DA:293,1
DA:294,1
DA:297,1
DA:299,1
DA:304,2
DA:305,2
DA:308,2
DA:310,2
DA:315,5
DA:316,5
DA:319,5
DA:321,5
DA:326,5
DA:327,25
DA:328,25
DA:332,5
DA:333,10
DA:334,10
DA:335,10
DA:336,10
DA:337,5
DA:340,5
DA:341,10
DA:343,2
DA:344,2
DA:346,2
DA:347,4
DA:353,5
DA:355,5
DA:356,5
DA:358,2
DA:359,2
DA:361,2
DA:362,2
DA:363,1
DA:369,2
DA:370,4
DA:374,1
DA:375,2
DA:379,1
DA:380,2
DA:381,2
DA:396,8
DA:405,8
DA:408,1
DA:418,1
DA:419,1
DA:420,1
DA:421,1
DA:422,1
DA:423,1
DA:424,0
DA:425,0
DA:426,1
DA:431,0
DA:434,0
DA:437,0
DA:440,0
DA:443,0
DA:444,0
DA:445,0
DA:446,0
DA:448,0
DA:449,0
DA:450,0
DA:451,0
DA:452,0
DA:457,0
DA:459,0
DA:460,0
DA:461,0
DA:462,0
DA:463,0
DA:464,0
DA:540,0
DA:551,1
DA:554,2
DA:557,1
DA:558,3
DA:559,2
DA:564,1
DA:565,1
DA:566,1
DA:567,1
DA:569,1
DA:572,1
DA:575,0
LF:192
LH:153
end_of_record
SF:lib/src/core/exception/network_exception.dart
DA:8,8
DA:16,3
DA:18,15
LF:3
LH:3
end_of_record
SF:lib/src/utils/network_utils.dart
DA:12,0
DA:15,1
DA:17,1
DA:18,4
DA:19,0
DA:25,0
DA:26,0
DA:30,0
DA:31,0
DA:35,0
DA:36,0
DA:40,0
DA:41,0
DA:45,0
DA:46,0
DA:50,0
DA:55,0
DA:63,0
DA:64,0
DA:68,0
DA:69,0
DA:73,0
DA:74,0
DA:75,0
DA:76,0
DA:77,0
DA:78,0
DA:80,0
DA:82,0
DA:83,0
DA:85,0
DA:86,0
DA:87,0
DA:88,0
DA:91,0
DA:97,0
DA:99,0
DA:106,0
DA:107,0
DA:108,0
DA:109,0
DA:111,0
DA:113,0
DA:115,0
DA:117,0
DA:118,0
DA:119,0
DA:120,0
DA:125,0
DA:127,0
DA:129,0
DA:131,0
DA:133,0
DA:135,0
DA:137,0
DA:140,0
DA:144,0
DA:148,0
DA:150,0
DA:152,0
DA:155,0
DA:159,0
DA:160,0
DA:161,0
DA:162,0
DA:163,0
DA:169,0
DA:170,0
DA:171,0
DA:172,0
DA:174,0
DA:176,0
DA:178,0
DA:180,0
DA:182,0
DA:187,0
DA:189,0
DA:196,0
DA:197,0
DA:200,0
DA:201,0
DA:212,0
DA:213,0
DA:216,0
DA:218,0
DA:219,0
DA:220,0
DA:221,0
DA:222,0
DA:233,0
DA:234,0
DA:235,0
DA:236,0
DA:237,0
DA:239,0
DA:243,0
DA:244,0
DA:245,0
DA:249,0
DA:250,0
DA:251,0
DA:253,0
DA:255,0
DA:256,0
DA:258,0
DA:259,0
DA:260,0
DA:262,0
DA:263,0
DA:266,0
DA:271,0
DA:272,0
LF:112
LH:3
end_of_record
SF:lib/src/requests/base_network_request.dart
DA:30,24
DA:35,0
DA:38,7
DA:41,6
DA:44,4
DA:47,0
DA:50,0
DA:51,0
DA:55,8
DA:58,7
DA:61,1
DA:64,0
DA:67,0
DA:70,0
DA:73,5
DA:76,0
DA:79,0
DA:85,6
DA:88,0
DA:91,7
DA:94,6
DA:97,8
DA:98,8
DA:104,22
DA:107,8
DA:110,3
DA:112,3
DA:114,1
DA:116,0
DA:125,32
DA:126,16
DA:127,11
DA:129,8
DA:131,16
DA:134,8
DA:135,8
DA:137,16
DA:138,24
DA:139,16
DA:144,1
DA:145,2
DA:147,0
DA:148,0
DA:149,0
DA:151,0
DA:172,0
DA:182,0
DA:183,0
DA:184,0
DA:185,0
DA:186,0
DA:187,0
DA:191,0
DA:193,0
DA:199,0
DA:205,0
DA:208,0
DA:210,0
DA:212,0
DA:213,0
DA:214,0
DA:219,0
DA:224,0
DA:230,0
DA:233,0
DA:236,0
DA:239,0
DA:241,0
LF:68
LH:30
end_of_record
SF:lib/src/core/queue/request_queue_manager.dart
DA:47,8
DA:48,8
DA:49,8
DA:53,8
DA:54,8
DA:59,4
DA:62,6
DA:65,8
DA:75,0
DA:76,0
DA:78,0
DA:79,8
DA:81,8
DA:86,0
DA:88,0
DA:89,8
DA:93,16
DA:94,8
DA:97,24
DA:99,16
DA:100,10
DA:103,15
DA:104,10
DA:105,15
DA:106,12
DA:111,10
DA:112,15
DA:113,8
DA:118,5
DA:120,15
DA:121,15
DA:127,0
DA:133,24
DA:138,5
DA:143,24
DA:144,48
DA:145,24
DA:147,0
DA:150,0
DA:151,0
DA:152,0
DA:153,0
DA:158,0
DA:159,0
DA:167,24
DA:169,24
DA:170,24
DA:171,56
DA:176,8
DA:178,8
DA:182,0
DA:183,0
DA:185,0
DA:186,0
DA:187,0
DA:188,0
DA:192,0
DA:193,0
DA:194,0
DA:195,0
DA:200,0
DA:203,0
DA:204,0
DA:215,0
DA:216,0
DA:218,0
DA:219,0
DA:220,0
DA:221,0
DA:222,0
DA:223,0
DA:229,0
DA:231,0
DA:232,0
DA:233,0
DA:234,0
DA:235,0
DA:236,0
DA:237,0
DA:243,0
DA:247,0
DA:252,0
DA:253,0
DA:254,0
DA:255,0
DA:256,0
DA:260,0
DA:261,0
DA:262,0
DA:267,8
DA:268,8
DA:269,40
DA:270,8
DA:274,8
DA:278,8
DA:279,8
DA:280,19
DA:281,3
DA:286,3
DA:287,3
DA:289,9
DA:291,3
DA:292,3
DA:294,9
DA:295,3
DA:296,0
DA:297,0
DA:299,0
DA:300,0
DA:302,0
DA:308,3
DA:309,0
DA:313,3
DA:314,0
DA:319,9
DA:320,6
DA:321,4
DA:322,3
DA:332,8
DA:336,24
DA:337,40
DA:340,8
DA:345,8
DA:347,24
DA:349,16
DA:350,16
DA:351,24
DA:352,8
DA:355,8
DA:356,0
DA:360,8
DA:362,24
DA:363,8
DA:364,24
DA:365,32
DA:372,16
DA:373,8
DA:378,8
DA:380,24
DA:381,24
DA:382,24
DA:385,24
DA:386,24
DA:389,8
DA:393,24
DA:394,17
DA:395,1
DA:401,16
DA:402,7
DA:403,7
DA:405,7
DA:406,7
DA:411,7
DA:415,21
DA:416,28
DA:417,21
DA:428,21
DA:429,21
DA:432,14
DA:434,21
DA:435,21
DA:436,14
DA:442,21
DA:443,7
DA:444,14
DA:446,14
DA:451,14
DA:453,14
DA:455,7
DA:456,14
DA:458,0
DA:463,0
DA:466,0
DA:467,0
DA:468,0
DA:472,0
DA:480,14
DA:482,0
DA:483,0
DA:485,0
DA:489,0
DA:491,0
DA:492,0
DA:493,0
DA:497,0
DA:501,0
DA:504,0
DA:505,0
DA:506,0
DA:510,0
DA:514,21
DA:515,21
DA:521,7
DA:525,21
DA:526,28
DA:527,21
DA:538,21
DA:539,21
DA:542,14
DA:544,21
DA:545,21
DA:546,14
DA:550,7
DA:552,15
DA:553,15
DA:556,5
DA:563,18
DA:564,6
DA:565,12
DA:567,12
DA:572,12
DA:574,12
DA:575,12
DA:579,0
DA:582,0
DA:583,0
DA:584,0
DA:588,0
DA:596,12
DA:597,0
DA:600,0
DA:602,0
DA:603,0
DA:604,0
DA:608,0
DA:612,0
DA:615,0
DA:616,0
DA:617,0
DA:621,0
DA:625,21
DA:626,21
DA:632,1
DA:636,3
DA:637,4
DA:638,3
DA:639,3
DA:648,3
DA:649,3
DA:652,1
DA:653,1
DA:659,1
DA:661,3
DA:662,3
DA:665,1
DA:672,3
DA:673,1
DA:674,2
DA:676,0
DA:681,0
DA:683,0
DA:684,0
DA:688,0
DA:695,2
DA:696,0
DA:699,0
DA:703,3
DA:704,3
DA:709,0
DA:710,0
DA:712,0
DA:713,0
DA:718,0
DA:721,0
DA:722,0
DA:728,5
DA:729,10
DA:731,15
DA:732,15
DA:735,20
DA:737,10
DA:739,5
DA:742,15
DA:743,20
DA:745,15
DA:746,5
DA:747,15
DA:748,20
DA:753,5
DA:756,0
DA:757,0
DA:762,0
DA:765,0
DA:766,0
DA:767,0
DA:773,7
DA:774,28
DA:779,28
DA:782,7
DA:785,14
DA:787,0
DA:792,1
DA:793,1
DA:794,1
DA:795,1
DA:806,7
DA:807,7
DA:808,7
DA:809,6
DA:810,6
DA:814,6
DA:818,5
DA:820,10
DA:821,5
DA:836,7
DA:838,14
DA:842,5
DA:844,15
DA:845,15
DA:846,15
DA:848,10
DA:852,8
DA:853,24
DA:854,24
DA:858,0
DA:859,0
DA:860,0
DA:861,0
DA:865,8
DA:867,8
DA:870,16
DA:871,32
DA:872,16
DA:873,8
DA:876,16
DA:879,0
DA:880,0
DA:882,0
DA:885,8
DA:887,8
DA:890,16
DA:891,0
DA:892,0
DA:893,0
DA:896,0
DA:897,0
DA:899,0
DA:902,8
DA:906,16
DA:907,0
DA:909,0
DA:910,0
DA:912,0
DA:913,0
DA:914,0
DA:918,0
DA:920,0
DA:921,0
DA:922,0
DA:924,0
DA:925,0
DA:930,8
DA:934,0
DA:935,0
DA:937,0
DA:939,0
DA:940,0
DA:941,0
DA:942,0
DA:947,0
DA:948,0
DA:952,0
DA:953,0
DA:954,0
DA:957,0
DA:958,0
DA:960,0
DA:961,0
DA:966,0
DA:968,0
DA:970,0
DA:971,0
DA:972,0
DA:973,0
DA:978,0
DA:983,0
DA:984,0
DA:985,0
DA:986,0
DA:990,0
DA:993,0
DA:994,0
DA:995,0
DA:1000,0
DA:1001,0
DA:1002,0
DA:1008,0
DA:1009,0
DA:1010,0
DA:1011,0
DA:1012,0
DA:1019,0
DA:1021,0
DA:1022,0
DA:1024,0
DA:1025,0
DA:1026,0
DA:1027,0
DA:1029,0
DA:1030,0
DA:1031,0
DA:1032,0
DA:1037,0
DA:1039,0
DA:1040,0
DA:1041,0
DA:1048,0
DA:1051,0
DA:1054,0
DA:1055,0
DA:1056,0
DA:1058,0
DA:1059,0
DA:1064,0
DA:1065,0
DA:1066,0
DA:1072,0
DA:1073,0
DA:1074,0
DA:1075,0
DA:1082,0
DA:1083,0
DA:1086,0
DA:1090,0
DA:1091,0
DA:1092,0
DA:1093,0
DA:1094,0
DA:1097,0
DA:1100,0
DA:1101,0
DA:1102,0
DA:1105,0
DA:1124,8
DA:1187,15
DA:1225,1
DA:1226,2
DA:1227,0
DA:1232,0
DA:1233,0
DA:1237,8
DA:1238,16
DA:1239,16
DA:1243,0
DA:1244,0
DA:1245,0
DA:1246,0
DA:1247,0
DA:1248,0
DA:1249,0
DA:1250,0
DA:1251,0
DA:1252,0
DA:1253,0
DA:1255,0
DA:1257,0
DA:1258,0
DA:1262,0
DA:1263,0
DA:1264,0
DA:1265,0
DA:1266,0
DA:1267,0
DA:1268,0
DA:1269,0
DA:1270,0
DA:1271,0
DA:1272,0
DA:1273,0
DA:1274,0
DA:1275,0
DA:1276,0
LF:472
LH:218
end_of_record
SF:lib/src/model/network_response.dart
DA:30,7
DA:43,7
DA:51,7
DA:59,7
DA:64,0
DA:71,0
DA:78,0
DA:83,1
DA:88,1
DA:94,1
DA:99,0
DA:100,0
DA:101,0
DA:102,0
DA:103,0
DA:104,0
DA:105,0
DA:106,0
DA:107,0
DA:108,0
DA:109,0
DA:114,0
DA:125,0
DA:126,0
DA:127,0
DA:128,0
DA:129,0
DA:130,0
DA:131,0
DA:132,0
DA:133,0
DA:134,0
DA:138,0
DA:140,0
DA:141,0
DA:142,0
DA:143,0
DA:144,0
DA:145,0
DA:146,0
DA:150,0
DA:151,0
DA:152,0
DA:153,0
DA:154,0
DA:155,0
DA:156,0
DA:157,0
DA:158,0
DA:159,0
DA:160,0
LF:51
LH:7
end_of_record
SF:lib/src/requests/batch_request.dart
DA:7,0
DA:9,0
DA:12,0
DA:15,0
DA:18,0
DA:22,0
DA:23,0
DA:33,0
DA:35,0
DA:36,0
DA:38,0
DA:41,0
LF:12
LH:0
end_of_record
SF:lib/src/frameworks/unified_framework.dart
DA:20,0
DA:21,0
DA:25,0
DA:26,0
DA:27,0
DA:31,0
DA:33,0
DA:34,0
DA:37,0
DA:38,0
DA:43,0
DA:47,0
DA:48,0
DA:53,0
DA:54,0
DA:60,0
DA:61,0
DA:66,0
DA:68,0
DA:72,0
DA:75,0
DA:76,0
DA:79,0
DA:80,0
DA:81,0
DA:84,0
DA:85,0
DA:88,0
DA:89,0
DA:92,0
DA:93,0
DA:98,0
DA:100,0
DA:101,0
DA:102,0
DA:105,0
DA:108,0
DA:109,0
DA:112,0
DA:117,0
DA:120,0
DA:121,0
DA:124,0
DA:125,0
DA:129,0
DA:132,0
DA:133,0
DA:136,0
DA:137,0
DA:141,0
DA:144,0
DA:145,0
DA:148,0
DA:152,0
DA:153,0
DA:156,0
DA:157,0
DA:161,0
DA:164,0
DA:165,0
DA:171,0
DA:174,0
DA:175,0
DA:176,0
DA:177,0
DA:182,0
DA:183,0
DA:191,0
DA:194,0
DA:195,0
DA:198,0
DA:199,0
DA:200,0
DA:203,0
DA:204,0
DA:208,0
DA:209,0
DA:211,0
DA:212,0
DA:213,0
DA:214,0
DA:215,0
DA:231,0
DA:237,0
DA:238,0
DA:241,0
DA:242,0
DA:243,0
DA:246,0
DA:247,0
DA:248,0
DA:251,0
DA:252,0
DA:256,0
DA:259,0
DA:260,0
DA:263,0
DA:267,0
DA:268,0
DA:272,0
DA:275,0
DA:276,0
DA:279,0
DA:281,0
DA:282,0
DA:285,0
DA:286,0
DA:289,0
DA:290,0
DA:291,0
DA:292,0
DA:293,0
DA:294,0
DA:298,0
DA:299,0
DA:300,0
DA:301,0
DA:302,0
DA:306,0
DA:307,0
DA:308,0
DA:309,0
DA:310,0
DA:311,0
DA:315,0
DA:316,0
DA:317,0
DA:318,0
DA:319,0
DA:324,0
DA:328,0
DA:329,0
DA:333,0
DA:336,0
DA:337,0
DA:338,0
DA:339,0
DA:340,0
DA:341,0
DA:342,0
DA:347,0
DA:349,0
DA:350,0
DA:354,0
DA:357,0
DA:360,0
DA:362,0
DA:366,0
DA:367,0
DA:368,0
DA:385,0
DA:391,0
DA:394,0
DA:397,0
DA:400,0
DA:414,0
DA:419,0
DA:427,0
DA:431,0
DA:438,0
DA:443,0
DA:451,0
DA:456,0
DA:470,0
DA:476,0
DA:479,0
DA:482,0
DA:485,0
DA:486,0
DA:488,0
DA:493,0
DA:502,0
DA:504,0
DA:507,0
DA:508,0
DA:509,0
DA:514,0
DA:523,0
DA:528,0
DA:531,0
DA:534,0
DA:537,0
DA:542,0
DA:554,0
DA:560,0
DA:563,0
DA:566,0
DA:569,0
DA:574,0
DA:586,0
DA:592,0
DA:595,0
DA:598,0
DA:601,0
DA:602,0
DA:604,0
DA:609,0
DA:618,0
DA:620,0
DA:622,0
DA:623,0
DA:624,0
DA:625,0
DA:628,0
DA:631,0
DA:633,0
DA:634,0
DA:635,0
DA:637,0
DA:640,0
DA:642,0
DA:643,0
DA:644,0
DA:646,0
LF:214
LH:0
end_of_record
SF:lib/src/core/scheduler/task_scheduler.dart
DA:51,0
DA:52,0
DA:56,0
DA:57,0
DA:62,0
DA:65,0
DA:66,0
DA:70,0
DA:73,0
DA:75,0
DA:78,0
DA:81,0
DA:84,0
DA:88,0
DA:89,0
DA:93,0
DA:96,0
DA:99,0
DA:100,0
DA:101,0
DA:103,0
DA:106,0
DA:109,0
DA:116,0
DA:119,0
DA:120,0
DA:123,0
DA:126,0
DA:128,0
DA:132,0
DA:133,0
DA:134,0
DA:138,0
DA:139,0
DA:142,0
DA:145,0
DA:146,0
DA:150,0
DA:151,0
DA:152,0
DA:154,0
DA:155,0
DA:157,0
DA:159,0
DA:161,0
DA:165,0
DA:170,0
DA:172,0
DA:174,0
DA:175,0
DA:176,0
DA:180,0
DA:184,0
DA:189,0
DA:190,0
DA:192,0
DA:193,0
DA:198,0
DA:199,0
DA:200,0
DA:202,0
DA:203,0
DA:207,0
DA:210,0
DA:221,0
DA:223,0
DA:224,0
DA:225,0
DA:228,0
DA:229,0
DA:231,0
DA:234,0
DA:242,0
DA:243,0
DA:244,0
DA:245,0
DA:246,0
DA:248,0
DA:251,0
DA:258,0
DA:260,0
DA:261,0
DA:263,0
DA:266,0
DA:276,0
DA:277,0
DA:278,0
DA:279,0
DA:280,0
DA:281,0
DA:282,0
DA:283,0
DA:284,0
DA:285,0
DA:290,0
DA:291,0
DA:296,0
DA:301,0
DA:306,0
DA:309,0
DA:313,0
DA:314,0
DA:316,0
DA:318,0
DA:319,0
DA:320,0
DA:325,0
DA:328,0
DA:331,0
DA:335,0
DA:338,0
DA:341,0
DA:346,0
DA:350,0
DA:353,0
DA:358,0
DA:359,0
DA:367,0
DA:368,0
DA:370,0
DA:372,0
DA:374,0
DA:375,0
DA:379,0
DA:380,0
DA:393,0
DA:394,0
DA:397,0
DA:398,0
DA:401,0
DA:405,0
DA:407,0
DA:409,0
DA:410,0
DA:414,0
DA:418,0
DA:419,0
DA:422,0
DA:423,0
DA:426,0
DA:430,0
DA:432,0
DA:434,0
DA:435,0
DA:436,0
DA:440,0
DA:444,0
DA:445,0
DA:447,0
DA:448,0
DA:449,0
DA:457,0
DA:458,0
DA:462,0
DA:463,0
DA:464,0
DA:465,0
DA:466,0
DA:471,0
DA:472,0
DA:473,0
DA:476,0
DA:477,0
DA:479,0
DA:481,0
DA:483,0
DA:484,0
DA:485,0
DA:489,0
DA:490,0
DA:491,0
DA:492,0
DA:495,0
DA:496,0
DA:497,0
DA:505,0
DA:506,0
DA:509,0
DA:513,0
DA:514,0
DA:517,0
DA:518,0
DA:519,0
DA:522,0
DA:523,0
DA:529,0
DA:530,0
DA:531,0
DA:534,0
DA:536,0
DA:539,0
DA:540,0
DA:547,0
DA:548,0
DA:552,0
DA:553,0
DA:554,0
DA:555,0
DA:556,0
DA:557,0
DA:559,0
DA:560,0
DA:561,0
DA:571,0
DA:572,0
DA:573,0
DA:574,0
DA:575,0
DA:576,0
DA:579,0
DA:583,0
DA:584,0
DA:588,0
DA:589,0
DA:593,0
DA:595,0
DA:596,0
DA:597,0
DA:598,0
DA:602,0
DA:603,0
DA:604,0
DA:607,0
DA:608,0
DA:612,0
DA:613,0
DA:614,0
DA:619,0
DA:620,0
DA:623,0
DA:626,0
DA:629,0
DA:630,0
DA:632,0
DA:633,0
DA:634,0
DA:635,0
DA:638,0
DA:641,0
DA:660,0
DA:668,0
DA:669,0
DA:672,0
DA:678,0
DA:679,0
DA:680,0
DA:682,0
DA:683,0
DA:688,0
DA:689,0
DA:690,0
DA:695,0
DA:696,0
DA:697,0
DA:711,0
DA:725,0
DA:729,0
DA:731,0
DA:732,0
DA:735,0
DA:759,3
DA:776,0
DA:795,0
DA:822,0
DA:841,0
DA:869,3
DA:871,0
DA:872,0
DA:880,0
DA:883,0
DA:886,0
DA:889,0
DA:890,0
DA:891,0
DA:895,0
DA:896,0
DA:897,0
DA:900,0
DA:901,0
DA:903,0
DA:904,0
DA:905,0
DA:912,0
DA:913,0
DA:915,0
DA:916,0
DA:917,0
DA:922,0
DA:928,0
DA:929,0
DA:930,0
DA:932,0
DA:936,0
DA:942,0
DA:945,0
DA:946,0
DA:948,0
DA:949,0
DA:953,0
DA:954,0
DA:958,0
DA:962,0
DA:968,0
DA:969,0
DA:970,0
DA:975,0
DA:976,0
DA:977,0
DA:978,0
DA:982,0
DA:983,0
DA:993,0
DA:996,0
DA:997,0
DA:998,0
DA:1002,0
DA:1003,0
DA:1004,0
DA:1008,0
DA:1009,0
DA:1010,0
DA:1011,0
DA:1013,0
LF:323
LH:2
end_of_record
SF:lib/src/core/config/config_manager.dart
DA:34,1
DA:35,1
DA:39,1
DA:40,1
DA:45,0
DA:48,0
DA:49,0
DA:52,0
DA:53,0
DA:56,0
DA:59,0
DA:62,1
DA:64,3
DA:65,3
DA:66,3
DA:67,3
DA:71,0
DA:72,0
DA:76,0
DA:77,0
DA:78,0
DA:81,0
DA:82,0
DA:86,0
DA:87,0
DA:90,0
DA:91,0
DA:97,0
DA:98,0
DA:100,0
DA:103,0
DA:104,0
DA:107,0
DA:108,0
DA:112,0
DA:113,0
DA:117,0
DA:119,0
DA:120,0
DA:126,0
DA:127,0
DA:130,0
DA:131,0
DA:135,0
DA:136,0
DA:140,0
DA:141,0
DA:143,0
DA:144,0
DA:148,0
DA:152,0
DA:153,0
DA:157,0
DA:158,0
DA:168,0
DA:170,0
DA:171,0
DA:172,0
DA:173,0
DA:174,0
DA:175,0
DA:176,0
DA:177,0
DA:178,0
DA:179,0
DA:180,0
DA:185,0
DA:187,0
DA:189,0
DA:191,0
DA:193,0
DA:199,0
DA:201,0
DA:202,0
DA:203,0
DA:204,0
DA:208,0
DA:209,0
DA:212,0
DA:215,0
DA:216,0
DA:226,0
DA:227,0
DA:228,0
DA:235,0
DA:236,0
DA:237,0
DA:242,0
DA:243,0
DA:247,0
DA:250,0
DA:251,0
DA:261,0
DA:262,0
DA:266,0
DA:267,0
DA:268,0
DA:269,0
DA:274,0
DA:275,0
DA:279,0
DA:280,0
DA:284,0
DA:291,0
DA:294,0
DA:295,0
DA:296,0
DA:297,0
DA:301,0
DA:302,0
DA:305,0
DA:307,0
DA:310,0
DA:314,0
DA:315,0
DA:318,0
DA:319,0
DA:322,0
DA:323,0
DA:326,0
DA:332,0
DA:334,0
DA:335,0
DA:339,0
DA:340,0
DA:341,0
DA:342,0
DA:343,0
DA:344,0
DA:345,0
DA:347,0
DA:350,0
DA:356,0
DA:358,0
DA:363,0
DA:364,0
DA:365,0
DA:374,0
DA:376,0
DA:381,0
DA:382,0
DA:387,0
DA:388,0
DA:389,0
DA:390,0
DA:391,0
DA:392,0
DA:395,0
DA:396,0
DA:403,0
DA:412,0
DA:413,0
DA:414,0
DA:415,0
DA:416,0
DA:418,0
DA:423,0
DA:426,0
DA:427,0
DA:428,0
DA:429,0
DA:430,0
DA:431,0
DA:433,0
DA:438,0
DA:439,0
DA:440,0
DA:444,0
DA:445,0
DA:446,0
DA:447,0
DA:448,0
DA:450,0
DA:461,0
DA:462,0
DA:463,0
DA:464,0
DA:465,0
DA:467,0
DA:477,0
DA:478,0
DA:482,0
DA:486,0
DA:490,0
DA:498,0
DA:499,0
DA:500,0
DA:501,0
DA:502,0
DA:503,0
DA:504,0
DA:505,0
DA:510,0
DA:511,0
DA:513,0
DA:515,0
DA:524,0
DA:525,0
DA:529,0
DA:530,0
DA:531,0
DA:532,0
DA:550,0
DA:556,0
DA:558,0
DA:562,0
DA:566,0
DA:570,0
DA:583,0
DA:588,0
DA:590,0
DA:594,0
DA:598,0
DA:618,3
LF:214
LH:10
end_of_record
SF:lib/src/core/di/service_locator.dart
DA:39,0
DA:47,0
DA:48,0
DA:49,0
DA:50,0
DA:51,0
DA:52,0
DA:53,0
DA:55,0
DA:60,0
DA:61,0
DA:62,0
DA:63,0
DA:68,0
DA:69,0
DA:79,0
DA:82,0
DA:86,0
DA:87,0
DA:91,0
DA:93,0
DA:97,0
DA:98,0
DA:99,0
DA:104,0
DA:108,0
DA:109,0
DA:110,0
DA:111,0
DA:112,0
DA:115,0
DA:122,0
DA:128,0
DA:131,0
DA:136,0
DA:145,0
DA:149,0
DA:157,0
DA:162,0
DA:171,0
DA:172,0
DA:173,0
DA:176,0
DA:180,0
DA:188,0
DA:189,0
DA:192,0
DA:193,0
DA:196,0
DA:205,0
DA:208,0
DA:209,0
DA:212,0
DA:214,0
DA:218,0
DA:220,0
DA:224,0
DA:226,0
DA:233,0
DA:234,0
DA:238,0
DA:240,0
DA:244,0
DA:247,0
DA:248,0
DA:251,0
DA:253,0
DA:255,0
DA:257,0
DA:261,0
DA:265,0
DA:266,0
DA:267,0
DA:270,0
DA:272,0
DA:274,0
DA:275,0
DA:279,0
DA:283,0
DA:285,0
DA:286,0
DA:287,0
DA:290,0
DA:291,0
DA:294,0
DA:295,0
DA:300,0
DA:301,0
DA:305,0
DA:307,0
DA:308,0
DA:309,0
DA:312,0
DA:313,0
DA:317,0
DA:319,0
DA:320,0
DA:322,0
DA:325,0
DA:326,0
DA:329,0
DA:330,0
DA:334,0
DA:335,0
DA:338,0
DA:340,0
DA:341,0
DA:342,0
DA:344,0
DA:348,0
DA:352,0
DA:353,0
DA:357,0
DA:358,0
DA:359,0
DA:360,0
DA:363,0
DA:365,0
DA:367,0
DA:368,0
DA:372,0
DA:373,0
DA:374,0
DA:377,0
DA:378,0
DA:385,0
DA:386,0
DA:387,0
DA:388,0
DA:389,0
DA:390,0
DA:391,0
DA:392,0
DA:393,0
DA:394,0
DA:396,0
DA:397,0
DA:398,0
DA:400,0
DA:401,0
DA:406,0
DA:407,0
DA:419,0
DA:421,0
DA:422,0
DA:426,0
DA:427,0
DA:428,0
DA:432,0
DA:433,0
DA:437,0
DA:438,0
DA:442,0
DA:443,0
DA:444,0
DA:448,0
DA:449,0
DA:456,0
DA:461,0
DA:464,0
DA:468,0
DA:475,0
DA:488,0
DA:491,0
DA:494,0
DA:504,0
DA:506,0
DA:507,0
DA:513,0
DA:515,0
DA:516,0
DA:522,0
DA:524,0
DA:525,0
DA:531,0
DA:533,0
DA:534,0
DA:544,0
DA:545,0
DA:548,0
DA:551,0
DA:552,0
DA:554,0
DA:555,0
DA:559,0
DA:560,0
DA:563,0
DA:567,0
DA:568,0
DA:571,0
DA:576,0
DA:577,0
DA:580,0
DA:581,0
DA:582,0
DA:584,0
DA:588,0
DA:589,0
DA:597,0
DA:599,0
DA:600,0
LF:201
LH:0
end_of_record
SF:lib/src/core/config/environment.dart
DA:19,0
DA:21,0
DA:23,0
DA:25,0
DA:27,0
DA:33,0
DA:36,0
DA:39,0
DA:42,0
DA:45,0
DA:48,0
LF:11
LH:0
end_of_record
SF:lib/src/core/config/environment_config.dart
DA:14,1
DA:27,1
DA:28,1
DA:29,1
DA:30,1
DA:31,1
DA:32,1
DA:33,1
DA:34,1
DA:35,1
DA:36,1
DA:37,1
DA:42,1
DA:43,1
DA:44,1
DA:45,1
DA:46,1
DA:47,1
DA:48,1
DA:49,1
DA:50,1
DA:51,1
DA:52,1
DA:57,1
DA:68,1
DA:69,0
DA:70,0
DA:71,1
DA:72,1
DA:73,1
DA:74,1
DA:75,1
DA:76,1
DA:77,1
DA:82,0
DA:84,0
DA:85,0
DA:87,0
DA:88,0
DA:90,0
DA:91,0
DA:93,0
DA:94,0
DA:96,0
DA:97,0
DA:99,0
DA:100,0
DA:102,0
DA:103,0
DA:105,0
DA:106,0
DA:108,0
DA:109,0
DA:112,0
DA:117,0
DA:119,0
DA:120,0
DA:121,0
DA:122,0
DA:123,0
DA:124,0
DA:125,0
DA:126,0
DA:127,0
DA:128,0
DA:129,0
DA:130,0
DA:131,0
DA:132,0
DA:133,0
DA:134,0
DA:135,0
DA:136,0
DA:138,0
DA:143,0
DA:156,0
DA:157,0
DA:170,0
DA:172,0
DA:173,0
DA:174,0
DA:175,0
DA:176,0
DA:177,0
DA:178,0
DA:179,0
DA:180,0
DA:181,0
DA:185,0
DA:188,0
DA:189,0
DA:190,0
DA:191,0
DA:192,0
DA:193,0
DA:194,0
DA:195,0
DA:196,0
DA:197,0
DA:200,0
DA:202,0
DA:203,0
DA:204,0
DA:205,0
DA:206,0
DA:207,0
DA:208,0
DA:209,0
DA:210,0
DA:211,0
DA:219,2
DA:232,2
DA:245,2
DA:258,2
LF:114
LH:36
end_of_record
SF:lib/src/core/config/config_validator.dart
DA:15,1
DA:22,0
DA:23,0
DA:30,1
DA:31,1
DA:39,0
DA:42,0
DA:44,0
DA:46,0
DA:47,0
DA:49,0
DA:50,0
DA:51,0
DA:52,0
DA:56,0
DA:57,0
DA:58,0
DA:59,0
DA:63,0
DA:73,1
DA:74,1
DA:75,1
DA:76,1
DA:78,1
DA:79,1
DA:87,1
DA:89,1
DA:90,1
DA:94,0
DA:98,2
DA:99,1
DA:102,0
DA:103,0
DA:104,0
DA:105,0
DA:106,0
DA:109,0
DA:110,0
DA:113,0
DA:118,2
DA:119,0
DA:120,2
DA:121,0
DA:122,2
DA:123,0
DA:126,2
DA:127,0
DA:128,2
DA:129,0
DA:130,2
DA:131,0
DA:134,2
DA:135,0
DA:136,2
DA:137,0
DA:138,2
DA:139,0
DA:143,3
DA:144,0
DA:148,1
DA:149,2
DA:150,0
DA:151,2
DA:152,0
DA:153,2
DA:154,0
DA:159,2
DA:160,0
DA:161,2
DA:162,0
DA:165,2
DA:166,0
DA:167,2
DA:168,0
DA:169,2
DA:170,0
DA:174,3
DA:175,2
DA:176,0
DA:180,3
DA:181,1
DA:182,0
DA:186,1
DA:187,0
DA:188,1
DA:194,0
DA:196,0
DA:197,0
DA:201,0
DA:205,0
DA:206,0
DA:207,0
DA:208,0
DA:209,0
DA:210,0
DA:211,0
DA:216,0
DA:217,0
DA:218,0
DA:219,0
DA:220,0
DA:221,0
DA:222,0
DA:227,0
DA:228,0
DA:229,0
DA:232,0
DA:233,0
DA:234,0
DA:239,0
DA:240,0
DA:241,0
DA:242,0
DA:243,0
DA:244,0
DA:248,0
DA:249,0
DA:250,0
DA:251,0
DA:252,0
DA:253,0
DA:257,0
DA:258,0
DA:262,0
DA:263,0
DA:266,0
DA:267,0
DA:268,0
DA:272,0
DA:273,0
DA:274,0
DA:275,0
DA:276,0
DA:286,0
DA:287,0
DA:288,0
DA:292,0
DA:295,0
DA:299,0
DA:300,0
DA:302,0
DA:303,0
DA:304,0
DA:305,0
DA:308,0
DA:309,0
DA:312,0
DA:313,0
DA:317,0
DA:318,0
DA:321,0
DA:322,0
DA:323,0
DA:327,0
DA:328,0
DA:338,1
DA:344,0
DA:346,0
DA:348,0
DA:349,0
DA:350,0
DA:351,0
DA:355,0
DA:356,0
DA:357,0
DA:358,0
DA:362,0
DA:372,0
DA:375,0
DA:376,0
DA:380,0
DA:381,0
DA:385,0
DA:386,0
DA:390,0
DA:396,0
DA:397,0
DA:399,0
DA:402,0
DA:403,0
DA:404,0
DA:409,0
DA:410,0
DA:411,0
DA:415,0
DA:417,0
DA:418,0
DA:427,0
DA:428,0
DA:429,0
DA:430,0
DA:433,0
DA:434,0
DA:435,0
DA:436,0
DA:437,0
DA:438,0
DA:439,0
DA:440,0
DA:441,0
DA:442,0
DA:443,0
DA:446,0
DA:447,0
DA:448,0
DA:449,0
DA:451,0
DA:452,0
DA:453,0
DA:455,0
DA:456,0
DA:457,0
DA:460,0
DA:461,0
DA:462,0
DA:464,0
DA:465,0
DA:466,0
DA:467,0
DA:471,0
DA:472,0
DA:473,0
DA:474,0
DA:478,0
DA:482,0
DA:483,0
DA:484,0
DA:485,0
DA:486,0
DA:501,0
DA:508,0
DA:510,0
DA:511,0
DA:513,0
DA:527,0
DA:528,0
DA:531,0
DA:534,0
DA:537,0
DA:540,0
DA:545,0
DA:547,0
DA:548,0
DA:556,0
DA:557,0
DA:566,0
DA:567,0
DA:569,0
DA:576,0
DA:578,0
DA:579,0
DA:587,0
DA:588,0
DA:590,0
DA:597,0
DA:599,0
DA:600,0
DA:602,0
DA:609,0
DA:610,0
DA:612,0
DA:619,0
DA:621,0
DA:622,0
DA:631,0
DA:632,0
LF:266
LH:40
end_of_record
SF:lib/src/core/interceptor/logging_interceptor.dart
DA:15,0
DA:22,0
DA:24,0
DA:25,0
DA:27,0
DA:30,0
DA:32,0
DA:33,0
DA:35,0
DA:38,0
DA:40,0
DA:41,0
DA:43,0
DA:47,0
DA:48,0
DA:49,0
DA:51,0
DA:52,0
DA:53,0
DA:54,0
DA:55,0
DA:56,0
DA:59,0
DA:60,0
DA:61,0
DA:62,0
DA:64,0
DA:65,0
DA:70,0
DA:71,0
DA:72,0
DA:73,0
DA:78,0
DA:79,0
DA:80,0
DA:81,0
DA:82,0
DA:83,0
DA:84,0
DA:89,0
DA:93,0
DA:94,0
DA:96,0
DA:99,0
DA:100,0
DA:101,0
DA:102,0
DA:103,0
DA:104,0
DA:105,0
DA:106,0
DA:109,0
DA:110,0
DA:111,0
DA:112,0
DA:117,0
DA:118,0
DA:119,0
DA:120,0
DA:121,0
DA:122,0
DA:124,0
DA:125,0
DA:126,0
DA:127,0
DA:132,0
DA:136,0
DA:137,0
DA:139,0
DA:142,0
DA:143,0
DA:144,0
DA:145,0
DA:146,0
DA:147,0
DA:148,0
DA:149,0
DA:151,0
DA:152,0
DA:153,0
DA:155,0
DA:156,0
DA:157,0
DA:158,0
DA:159,0
DA:160,0
DA:161,0
DA:167,0
DA:168,0
DA:171,0
DA:175,0
DA:177,0
DA:180,0
DA:181,0
DA:185,0
DA:186,0
DA:189,0
DA:190,0
DA:191,0
DA:193,0
DA:200,0
DA:202,0
LF:102
LH:0
end_of_record
SF:lib/src/metrics/metrics_collector.dart
DA:15,0
DA:16,0
DA:20,0
DA:38,0
DA:41,0
DA:44,0
DA:47,0
DA:50,0
DA:53,0
DA:54,0
DA:56,0
DA:57,0
DA:58,0
DA:62,0
DA:66,0
DA:67,0
DA:68,0
DA:69,0
DA:73,0
DA:74,0
DA:75,0
DA:76,0
DA:77,0
DA:80,0
DA:84,0
DA:86,0
DA:87,0
DA:88,0
DA:90,0
DA:91,0
DA:92,0
DA:93,0
DA:94,0
DA:95,0
DA:96,0
DA:97,0
DA:98,0
DA:99,0
DA:100,0
DA:101,0
DA:102,0
DA:103,0
DA:104,0
DA:105,0
DA:106,0
DA:109,0
DA:110,0
DA:115,0
DA:117,0
DA:118,0
DA:120,0
DA:121,0
DA:122,0
DA:123,0
DA:124,0
DA:125,0
DA:126,0
DA:127,0
DA:128,0
DA:129,0
DA:130,0
DA:131,0
DA:132,0
DA:135,0
DA:136,0
DA:141,0
DA:143,0
DA:144,0
DA:145,0
DA:152,0
DA:153,0
DA:154,0
DA:155,0
DA:156,0
DA:160,0
DA:161,0
DA:162,0
DA:165,0
DA:166,0
DA:168,0
DA:171,0
DA:172,0
DA:177,0
DA:179,0
DA:181,0
DA:182,0
DA:183,0
DA:184,0
DA:185,0
DA:186,0
DA:187,0
DA:188,0
DA:189,0
DA:190,0
DA:191,0
DA:192,0
DA:193,0
DA:196,0
DA:197,0
DA:202,0
DA:203,0
DA:207,0
DA:217,0
DA:218,0
DA:219,0
DA:220,0
DA:225,0
DA:226,0
DA:230,0
DA:231,0
DA:235,0
DA:236,0
DA:237,0
DA:238,0
DA:239,0
DA:240,0
DA:241,0
DA:244,0
DA:246,0
DA:248,0
DA:254,0
DA:255,0
DA:256,0
DA:257,0
DA:258,0
DA:259,0
DA:260,0
DA:265,0
DA:267,0
DA:268,0
DA:269,0
DA:271,0
DA:273,0
DA:278,0
DA:279,0
DA:280,0
LF:136
LH:0
end_of_record
SF:lib/src/metrics/metrics_widget.dart
DA:11,0
DA:17,0
DA:19,0
DA:20,0
DA:31,0
DA:33,0
DA:34,0
DA:35,0
DA:39,0
DA:41,0
DA:42,0
DA:45,0
DA:46,0
DA:48,0
DA:49,0
DA:52,0
DA:53,0
DA:56,0
DA:57,0
DA:59,0
DA:60,0
DA:63,0
DA:64,0
DA:67,0
DA:68,0
DA:69,0
DA:70,0
DA:71,0
DA:72,0
DA:75,0
DA:78,0
DA:79,0
DA:82,0
DA:84,0
DA:85,0
DA:86,0
DA:87,0
DA:89,0
DA:90,0
DA:91,0
DA:92,0
DA:93,0
DA:94,0
DA:95,0
DA:96,0
DA:97,0
DA:98,0
DA:99,0
DA:107,0
DA:108,0
DA:110,0
DA:111,0
DA:113,0
DA:115,0
DA:116,0
DA:117,0
DA:118,0
DA:119,0
DA:121,0
DA:122,0
DA:123,0
DA:131,0
DA:132,0
DA:133,0
DA:134,0
DA:135,0
DA:136,0
DA:137,0
DA:142,0
DA:143,0
DA:145,0
DA:146,0
DA:147,0
DA:148,0
DA:149,0
DA:154,0
DA:155,0
DA:157,0
DA:158,0
DA:159,0
DA:160,0
DA:161,0
DA:166,0
DA:167,0
DA:169,0
DA:170,0
DA:171,0
DA:172,0
DA:173,0
DA:178,0
DA:179,0
DA:181,0
DA:182,0
DA:184,0
DA:186,0
DA:187,0
DA:192,0
DA:193,0
DA:194,0
DA:195,0
DA:197,0
DA:198,0
DA:199,0
DA:201,0
LF:104
LH:0
end_of_record
SF:lib/src/core/config/hot_config_manager.dart
DA:33,1
DA:36,1
DA:37,1
DA:42,0
DA:45,0
DA:50,0
DA:52,0
DA:55,0
DA:56,0
DA:63,0
DA:64,0
DA:65,0
DA:66,0
DA:72,0
DA:73,0
DA:74,0
DA:76,0
DA:81,0
DA:82,0
DA:86,0
DA:87,0
DA:93,0
DA:94,0
DA:96,0
DA:97,0
DA:98,0
DA:108,0
DA:111,0
DA:117,0
DA:118,0
DA:124,0
DA:127,0
DA:130,0
DA:131,0
DA:134,0
DA:138,0
DA:141,0
DA:142,0
DA:157,0
DA:159,0
DA:160,0
DA:161,0
DA:168,0
DA:169,0
DA:175,0
DA:176,0
DA:177,0
DA:178,0
DA:188,0
DA:190,0
DA:193,0
DA:194,0
DA:195,0
DA:196,0
DA:197,0
DA:198,0
DA:199,0
DA:200,0
DA:201,0
DA:212,0
DA:213,0
DA:214,0
DA:215,0
DA:217,0
DA:219,0
DA:227,0
DA:228,0
DA:229,0
DA:230,0
DA:231,0
DA:232,0
DA:233,0
DA:234,0
DA:235,0
DA:236,0
DA:237,0
DA:238,0
DA:243,0
DA:244,0
DA:245,0
DA:249,0
DA:250,0
DA:251,0
DA:252,0
DA:257,0
DA:258,0
DA:259,0
DA:261,0
DA:270,0
DA:271,0
DA:275,0
DA:276,0
DA:277,0
DA:284,0
DA:287,0
DA:288,0
DA:289,0
DA:290,0
DA:291,0
DA:302,0
DA:310,0
DA:311,0
DA:314,0
DA:315,0
DA:316,0
DA:317,0
DA:319,0
DA:320,0
DA:330,0
DA:331,0
DA:332,0
DA:334,0
DA:344,0
DA:346,0
DA:357,0
DA:364,0
DA:366,0
LF:117
LH:3
end_of_record
